[08-09-2020 13:51:49][root        ][INFO] Started crypto historical data service
[08-09-2020 13:51:49][root        ][INFO] Initiating coin data JSON file
[08-09-2020 13:51:50][root        ][INFO] Coin data file initiated.
[08-09-2020 13:51:50][root        ][INFO] Creating coin history object list in recent history module
[08-09-2020 13:51:50][root        ][INFO] Setting up coin data object list
[08-09-2020 13:51:51][root        ][INFO] Completed initiatie coins function
[08-09-2020 13:51:51][root        ][INFO] Coin history object list instantiated in recent history helper module
[08-09-2020 13:51:51][root        ][INFO] Setup complete, starting infinite loop.
[08-09-2020 13:52:00][root        ][INFO] Updating coin information for this minute
[08-09-2020 13:52:04][root        ][INFO] Finished updating stored data for each coin
[08-09-2020 13:53:00][root        ][INFO] Updating coin information for this minute
[08-09-2020 13:53:07][root        ][INFO] Finished updating stored data for each coin
[08-09-2020 13:54:00][root        ][INFO] Updating coin information for this minute
[08-09-2020 13:54:06][root        ][INFO] Finished updating stored data for each coin
[08-09-2020 13:55:00][root        ][INFO] Updating coin information for this minute
[08-09-2020 13:55:07][root        ][INFO] Finished updating stored data for each coin
[08-09-2020 13:56:00][root        ][INFO] Updating coin information for this minute
[08-09-2020 13:56:03][root        ][INFO] Finished updating stored data for each coin
[08-09-2020 13:57:00][root        ][INFO] Updating coin information for this minute
[08-09-2020 13:57:06][root        ][INFO] Finished updating stored data for each coin
[08-09-2020 13:58:00][root        ][INFO] Updating coin information for this minute
[08-09-2020 13:58:03][root        ][INFO] Finished updating stored data for each coin
[08-09-2020 13:59:00][root        ][INFO] Updating coin information for this minute
[08-09-2020 13:59:05][root        ][INFO] Finished updating stored data for each coin
[08-09-2020 14:00:00][root        ][INFO] Updating coin information for this minute
[08-09-2020 14:00:19][root        ][INFO] Finished updating stored data for each coin
[08-09-2020 14:01:00][root        ][INFO] Updating coin information for this minute
[08-09-2020 14:01:03][root        ][INFO] Finished updating stored data for each coin
[08-09-2020 14:02:00][root        ][INFO] Updating coin information for this minute
[08-09-2020 14:02:03][root        ][INFO] Finished updating stored data for each coin
[08-09-2020 14:03:00][root        ][INFO] Updating coin information for this minute
[08-09-2020 14:03:05][root        ][INFO] Finished updating stored data for each coin
[08-09-2020 14:04:00][root        ][INFO] Updating coin information for this minute
[08-09-2020 14:04:03][root        ][INFO] Finished updating stored data for each coin
[08-09-2020 14:05:00][root        ][INFO] Updating coin information for this minute
[08-09-2020 14:05:04][root        ][INFO] Finished updating stored data for each coin
[08-09-2020 14:06:00][root        ][INFO] Updating coin information for this minute
[08-09-2020 14:06:07][root        ][INFO] Finished updating stored data for each coin
[08-09-2020 14:07:00][root        ][INFO] Updating coin information for this minute
[08-09-2020 14:07:02][root        ][INFO] Finished updating stored data for each coin
[08-09-2020 14:08:00][root        ][INFO] Updating coin information for this minute
[08-09-2020 14:08:04][root        ][INFO] Finished updating stored data for each coin
[08-09-2020 14:09:00][root        ][INFO] Updating coin information for this minute
[08-09-2020 14:09:03][root        ][INFO] Finished updating stored data for each coin
[08-09-2020 14:10:00][root        ][INFO] Updating coin information for this minute
[08-09-2020 14:10:10][root        ][INFO] Finished updating stored data for each coin
[08-09-2020 14:11:00][root        ][INFO] Updating coin information for this minute
[08-09-2020 14:11:05][root        ][INFO] Finished updating stored data for each coin
[08-09-2020 14:12:00][root        ][INFO] Updating coin information for this minute
[08-09-2020 14:12:04][root        ][INFO] Finished updating stored data for each coin
[08-09-2020 14:13:00][root        ][INFO] Updating coin information for this minute
[08-09-2020 14:13:06][root        ][INFO] Finished updating stored data for each coin
[08-09-2020 14:14:00][root        ][INFO] Updating coin information for this minute
[08-09-2020 14:14:07][root        ][INFO] Finished updating stored data for each coin
[08-09-2020 14:15:00][root        ][INFO] Updating coin information for this minute
[08-09-2020 14:15:02][root        ][INFO] Finished updating stored data for each coin
[08-09-2020 14:16:00][root        ][INFO] Updating coin information for this minute
[08-09-2020 14:16:04][root        ][INFO] Finished updating stored data for each coin
[08-09-2020 14:17:00][root        ][INFO] Updating coin information for this minute
[08-09-2020 14:17:07][root        ][INFO] Finished updating stored data for each coin
[08-09-2020 14:18:00][root        ][INFO] Updating coin information for this minute
[08-09-2020 14:18:02][root        ][INFO] Finished updating stored data for each coin
[08-09-2020 14:19:00][root        ][INFO] Updating coin information for this minute
[08-09-2020 14:19:04][root        ][INFO] Finished updating stored data for each coin
[08-09-2020 14:20:00][root        ][INFO] Updating coin information for this minute
[08-09-2020 14:20:14][root        ][INFO] Finished updating stored data for each coin
[08-09-2020 14:21:00][root        ][INFO] Updating coin information for this minute
[08-09-2020 14:21:04][root        ][INFO] Finished updating stored data for each coin
[08-09-2020 14:22:00][root        ][INFO] Updating coin information for this minute
[08-09-2020 14:22:08][root        ][INFO] Finished updating stored data for each coin
[08-09-2020 14:23:00][root        ][INFO] Updating coin information for this minute
[08-09-2020 14:23:07][root        ][INFO] Finished updating stored data for each coin
[08-09-2020 14:24:00][root        ][INFO] Updating coin information for this minute
[08-09-2020 14:24:03][root        ][INFO] Finished updating stored data for each coin
[08-09-2020 14:25:00][root        ][INFO] Updating coin information for this minute
[08-09-2020 14:25:05][root        ][INFO] Finished updating stored data for each coin
[08-09-2020 14:26:00][root        ][INFO] Updating coin information for this minute
[08-09-2020 14:26:07][root        ][INFO] Finished updating stored data for each coin
[08-09-2020 14:27:00][root        ][INFO] Updating coin information for this minute
[08-09-2020 14:27:03][root        ][INFO] Finished updating stored data for each coin
[08-09-2020 14:28:00][root        ][INFO] Updating coin information for this minute
[08-09-2020 14:28:04][root        ][INFO] Finished updating stored data for each coin
[08-09-2020 14:29:00][root        ][INFO] Updating coin information for this minute
[08-09-2020 14:29:08][root        ][INFO] Finished updating stored data for each coin
[08-09-2020 14:30:00][root        ][INFO] Updating coin information for this minute
[08-09-2020 14:30:07][root        ][INFO] Finished updating stored data for each coin
[08-09-2020 14:31:00][root        ][INFO] Updating coin information for this minute
[08-09-2020 14:31:04][root        ][INFO] Finished updating stored data for each coin
[08-09-2020 14:32:00][root        ][INFO] Updating coin information for this minute
[08-09-2020 14:32:08][root        ][INFO] Finished updating stored data for each coin
[08-09-2020 14:33:00][root        ][INFO] Updating coin information for this minute
[08-09-2020 14:33:03][root        ][INFO] Finished updating stored data for each coin
[08-09-2020 14:34:00][root        ][INFO] Updating coin information for this minute
[08-09-2020 14:34:04][root        ][INFO] Finished updating stored data for each coin
[08-09-2020 14:35:00][root        ][INFO] Updating coin information for this minute
[08-09-2020 14:35:09][root        ][INFO] Finished updating stored data for each coin
[08-09-2020 14:36:00][root        ][INFO] Updating coin information for this minute
[08-09-2020 14:36:03][root        ][INFO] Finished updating stored data for each coin
[08-09-2020 14:37:00][root        ][INFO] Updating coin information for this minute
[08-09-2020 14:37:06][root        ][INFO] Finished updating stored data for each coin
[08-09-2020 14:38:00][root        ][INFO] Updating coin information for this minute
[08-09-2020 14:38:03][root        ][INFO] Finished updating stored data for each coin
[08-09-2020 14:39:00][root        ][INFO] Updating coin information for this minute
[08-09-2020 14:39:04][root        ][INFO] Finished updating stored data for each coin
[08-09-2020 14:40:00][root        ][INFO] Updating coin information for this minute
[08-09-2020 14:40:11][root        ][INFO] Finished updating stored data for each coin
[08-09-2020 14:41:00][root        ][INFO] Updating coin information for this minute
[08-09-2020 14:41:03][root        ][INFO] Finished updating stored data for each coin
[08-09-2020 14:42:00][root        ][INFO] Updating coin information for this minute
[08-09-2020 14:42:05][root        ][INFO] Finished updating stored data for each coin
[08-09-2020 14:43:00][root        ][INFO] Updating coin information for this minute
[08-09-2020 14:43:09][root        ][INFO] Finished updating stored data for each coin
[08-09-2020 14:44:00][root        ][INFO] Updating coin information for this minute
[08-09-2020 14:44:03][root        ][INFO] Finished updating stored data for each coin
[08-09-2020 14:45:00][root        ][INFO] Updating coin information for this minute
[08-09-2020 14:45:06][root        ][INFO] Finished updating stored data for each coin
[08-09-2020 14:46:00][root        ][INFO] Updating coin information for this minute
[08-09-2020 14:46:10][root        ][INFO] Finished updating stored data for each coin
[08-09-2020 14:47:00][root        ][INFO] Updating coin information for this minute
[08-09-2020 14:47:03][root        ][INFO] Finished updating stored data for each coin
[08-09-2020 14:48:00][root        ][INFO] Updating coin information for this minute
[08-09-2020 14:48:06][root        ][INFO] Finished updating stored data for each coin
[08-09-2020 14:49:00][root        ][INFO] Updating coin information for this minute
[08-09-2020 14:49:03][root        ][INFO] Finished updating stored data for each coin
[08-09-2020 14:50:00][root        ][INFO] Updating coin information for this minute
[08-09-2020 14:50:05][root        ][INFO] Finished updating stored data for each coin
[08-09-2020 14:51:00][root        ][INFO] Updating coin information for this minute
[08-09-2020 14:51:07][root        ][INFO] Finished updating stored data for each coin
[08-09-2020 14:52:00][root        ][INFO] Updating coin information for this minute
[08-09-2020 14:52:03][root        ][INFO] Finished updating stored data for each coin
[08-09-2020 14:53:00][root        ][INFO] Updating coin information for this minute
[08-09-2020 14:53:07][root        ][INFO] Finished updating stored data for each coin
[08-09-2020 14:54:00][root        ][INFO] Updating coin information for this minute
[08-09-2020 14:54:07][root        ][INFO] Finished updating stored data for each coin
[08-09-2020 14:55:00][root        ][INFO] Updating coin information for this minute
[08-09-2020 14:55:05][root        ][INFO] Finished updating stored data for each coin
[08-09-2020 14:56:00][root        ][INFO] Updating coin information for this minute
[08-09-2020 14:56:21][root        ][INFO] Finished updating stored data for each coin
[08-09-2020 14:57:00][root        ][INFO] Updating coin information for this minute
[08-09-2020 14:57:03][root        ][INFO] Finished updating stored data for each coin
[08-09-2020 14:58:00][root        ][INFO] Updating coin information for this minute
[08-09-2020 14:58:05][root        ][INFO] Finished updating stored data for each coin
[08-09-2020 14:59:00][root        ][INFO] Updating coin information for this minute
[08-09-2020 14:59:10][root        ][INFO] Finished updating stored data for each coin
[08-09-2020 15:00:00][root        ][INFO] Updating coin information for this minute
[08-09-2020 15:00:03][root        ][INFO] Finished updating stored data for each coin
[08-09-2020 15:01:00][root        ][INFO] Updating coin information for this minute
[08-09-2020 15:01:07][root        ][INFO] Finished updating stored data for each coin
[08-09-2020 15:02:00][root        ][INFO] Updating coin information for this minute
[08-09-2020 15:02:11][root        ][INFO] Finished updating stored data for each coin
[08-09-2020 15:03:00][root        ][INFO] Updating coin information for this minute
[08-09-2020 15:03:03][root        ][INFO] Finished updating stored data for each coin
[08-09-2020 15:04:00][root        ][INFO] Updating coin information for this minute
[08-09-2020 15:04:08][root        ][INFO] Finished updating stored data for each coin
[08-09-2020 15:05:00][root        ][INFO] Updating coin information for this minute
[08-09-2020 15:05:05][root        ][INFO] Finished updating stored data for each coin
[08-09-2020 15:06:00][root        ][INFO] Updating coin information for this minute
[08-09-2020 15:06:04][root        ][INFO] Finished updating stored data for each coin
[08-09-2020 15:07:00][root        ][INFO] Updating coin information for this minute
[08-09-2020 15:07:05][root        ][INFO] Finished updating stored data for each coin
[08-09-2020 15:08:00][root        ][INFO] Updating coin information for this minute
[08-09-2020 15:08:08][root        ][INFO] Finished updating stored data for each coin
[08-09-2020 15:09:00][root        ][INFO] Updating coin information for this minute
[08-09-2020 15:09:03][root        ][INFO] Finished updating stored data for each coin
[08-09-2020 15:10:00][root        ][INFO] Updating coin information for this minute
[08-09-2020 15:10:07][root        ][INFO] Finished updating stored data for each coin
[08-09-2020 15:11:00][root        ][INFO] Updating coin information for this minute
[08-09-2020 15:11:11][root        ][INFO] Finished updating stored data for each coin
[08-09-2020 15:12:00][root        ][INFO] Updating coin information for this minute
[08-09-2020 15:12:04][root        ][INFO] Finished updating stored data for each coin
[08-09-2020 15:13:00][root        ][INFO] Updating coin information for this minute
[08-09-2020 15:13:05][root        ][INFO] Finished updating stored data for each coin
[08-09-2020 15:14:00][root        ][INFO] Updating coin information for this minute
[08-09-2020 15:14:10][root        ][INFO] Finished updating stored data for each coin
[08-09-2020 15:15:00][root        ][INFO] Updating coin information for this minute
[08-09-2020 15:15:03][root        ][INFO] Finished updating stored data for each coin
[08-09-2020 15:16:00][root        ][INFO] Updating coin information for this minute
[08-09-2020 15:16:07][root        ][INFO] Finished updating stored data for each coin
[08-09-2020 15:17:00][root        ][INFO] Updating coin information for this minute
[08-09-2020 15:17:05][root        ][INFO] Finished updating stored data for each coin
[08-09-2020 15:18:00][root        ][INFO] Updating coin information for this minute
[08-09-2020 15:18:06][root        ][INFO] Finished updating stored data for each coin
[08-09-2020 15:19:00][root        ][INFO] Updating coin information for this minute
[08-09-2020 15:19:06][root        ][INFO] Finished updating stored data for each coin
[08-09-2020 15:20:00][root        ][INFO] Updating coin information for this minute
[08-09-2020 15:20:09][root        ][INFO] Finished updating stored data for each coin
[08-09-2020 15:21:00][root        ][INFO] Updating coin information for this minute
[08-09-2020 15:21:05][root        ][INFO] Finished updating stored data for each coin
[08-09-2020 15:22:00][root        ][INFO] Updating coin information for this minute
[08-09-2020 15:22:06][root        ][INFO] Finished updating stored data for each coin
[08-09-2020 15:23:00][root        ][INFO] Updating coin information for this minute
[08-09-2020 15:23:12][root        ][INFO] Finished updating stored data for each coin
[08-09-2020 15:24:00][root        ][INFO] Updating coin information for this minute
[08-09-2020 15:24:04][root        ][INFO] Finished updating stored data for each coin
[08-09-2020 15:25:00][root        ][INFO] Updating coin information for this minute
[08-09-2020 15:25:06][root        ][INFO] Finished updating stored data for each coin
[08-09-2020 15:26:00][root        ][INFO] Updating coin information for this minute
[08-09-2020 15:26:09][root        ][INFO] Finished updating stored data for each coin
[08-09-2020 15:27:00][root        ][INFO] Updating coin information for this minute
[08-09-2020 15:27:04][root        ][INFO] Finished updating stored data for each coin
[08-09-2020 15:28:00][root        ][INFO] Updating coin information for this minute
[08-09-2020 15:28:05][root        ][INFO] Finished updating stored data for each coin
[08-09-2020 15:29:00][root        ][INFO] Updating coin information for this minute
[08-09-2020 15:29:07][root        ][INFO] Finished updating stored data for each coin
[08-09-2020 15:30:00][root        ][INFO] Updating coin information for this minute
[08-09-2020 15:30:04][root        ][INFO] Finished updating stored data for each coin
[08-09-2020 15:31:00][root        ][INFO] Updating coin information for this minute
[08-09-2020 15:31:06][root        ][INFO] Finished updating stored data for each coin
[08-09-2020 15:32:00][root        ][INFO] Updating coin information for this minute
[08-09-2020 15:32:04][root        ][INFO] Finished updating stored data for each coin
[08-09-2020 17:04:00][root        ][INFO] Updating coin information for this minute
[08-09-2020 17:04:00][root        ][ERROR] Error updating coin history for this minute
[08-09-2020 17:04:00][root        ][INFO] ('Connection aborted.', ConnectionResetError(10054, 'An existing connection was forcibly closed by the remote host', None, 10054, None))
[08-09-2020 17:04:03][root        ][ERROR] Error updating coin data in JSON file
[08-09-2020 17:04:03][root        ][ERROR] ('Connection aborted.', ConnectionResetError(10054, 'An existing connection was forcibly closed by the remote host', None, 10054, None))
[08-09-2020 17:04:03][root        ][INFO] Finished updating stored data for each coin
[08-09-2020 17:05:00][root        ][INFO] Updating coin information for this minute
[08-09-2020 17:05:05][root        ][INFO] Finished updating stored data for each coin
[08-09-2020 17:06:00][root        ][INFO] Updating coin information for this minute
[08-09-2020 17:06:04][root        ][INFO] Finished updating stored data for each coin
[08-09-2020 17:07:00][root        ][INFO] Updating coin information for this minute
[08-09-2020 17:07:05][root        ][INFO] Finished updating stored data for each coin
[08-09-2020 17:08:00][root        ][INFO] Updating coin information for this minute
[08-09-2020 17:08:03][root        ][INFO] Finished updating stored data for each coin
[08-09-2020 17:09:00][root        ][INFO] Updating coin information for this minute
[08-09-2020 17:09:05][root        ][INFO] Finished updating stored data for each coin
[08-09-2020 17:10:00][root        ][INFO] Updating coin information for this minute
[08-09-2020 17:10:12][root        ][INFO] Finished updating stored data for each coin
[08-09-2020 17:11:00][root        ][INFO] Updating coin information for this minute
[08-09-2020 17:11:04][root        ][INFO] Finished updating stored data for each coin
[08-09-2020 17:12:00][root        ][INFO] Updating coin information for this minute
[08-09-2020 17:12:05][root        ][INFO] Finished updating stored data for each coin
[08-09-2020 17:13:00][root        ][INFO] Updating coin information for this minute
[08-09-2020 17:13:08][root        ][INFO] Finished updating stored data for each coin
[08-09-2020 17:14:00][root        ][INFO] Updating coin information for this minute
[08-09-2020 17:14:03][root        ][INFO] Finished updating stored data for each coin
[08-09-2020 17:15:00][root        ][INFO] Updating coin information for this minute
[08-09-2020 17:15:07][root        ][INFO] Finished updating stored data for each coin
[08-09-2020 17:16:00][root        ][INFO] Updating coin information for this minute
[08-09-2020 17:16:04][root        ][INFO] Finished updating stored data for each coin
[08-09-2020 17:17:00][root        ][INFO] Updating coin information for this minute
[08-09-2020 17:17:05][root        ][INFO] Finished updating stored data for each coin
[08-09-2020 17:18:00][root        ][INFO] Updating coin information for this minute
[08-09-2020 17:18:03][root        ][INFO] Finished updating stored data for each coin
[08-09-2020 17:19:00][root        ][INFO] Updating coin information for this minute
[08-09-2020 17:19:06][root        ][INFO] Finished updating stored data for each coin
[08-09-2020 17:20:00][root        ][INFO] Updating coin information for this minute
[08-09-2020 17:20:03][root        ][INFO] Finished updating stored data for each coin
[08-09-2020 17:21:00][root        ][INFO] Updating coin information for this minute
[08-09-2020 17:21:06][root        ][INFO] Finished updating stored data for each coin
[08-09-2020 17:22:00][root        ][INFO] Updating coin information for this minute
[08-09-2020 17:22:03][root        ][INFO] Finished updating stored data for each coin
[08-09-2020 17:23:00][root        ][INFO] Updating coin information for this minute
[08-09-2020 17:23:06][root        ][INFO] Finished updating stored data for each coin
[08-09-2020 17:24:00][root        ][INFO] Updating coin information for this minute
[08-09-2020 17:24:03][root        ][INFO] Finished updating stored data for each coin
